2021-06-03 14:42:21.940910: W tensorflow/stream_executor/platform/default/dso_loader.cc:59] Could not load dynamic library 'libcudart.so.10.1'; dlerror: libcudart.so.10.1: cannot open shared object file: No such file or directory; LD_LIBRARY_PATH: /Share/apps/intel/compilers_and_libraries_2019.1.144/linux/compiler/lib/intel64_lin:/Share/apps/intel/compilers_and_libraries_2019.1.144/linux/mpi/intel64/libfabric/lib:/Share/apps/intel/compilers_and_libraries_2019.1.144/linux/mpi/intel64/lib/release:/Share/apps/intel/compilers_and_libraries_2019.1.144/linux/mpi/intel64/lib:/Share/apps/intel/compilers_and_libraries_2019.1.144/linux/ipp/lib/intel64:/Share/apps/intel/compilers_and_libraries_2019.1.144/linux/compiler/lib/intel64_lin:/Share/apps/intel/compilers_and_libraries_2019.1.144/linux/mkl/lib/intel64_lin:/Share/apps/intel/compilers_and_libraries_2019.1.144/linux/tbb/lib/intel64/gcc4.7:/Share/apps/intel/compilers_and_libraries_2019.1.144/linux/tbb/lib/intel64/gcc4.7:/Share/apps/intel/debugger_2019/libipt/intel64/lib:/Share/apps/intel/compilers_and_libraries_2019.1.144/linux/daal/lib/intel64_lin:/Share/apps/intel/compilers_and_libraries_2019.1.144/linux/daal/../tbb/lib/intel64_lin/gcc4.4
2021-06-03 14:42:21.941196: I tensorflow/stream_executor/cuda/cudart_stub.cc:29] Ignore above cudart dlerror if you do not have a GPU set up on your machine.
node_num 2708
2021-06-03 14:42:25 INFO     Namespace(coarsen_level=2, data='/cora', embed_dim=128, lambd=0.63, rho=8, workers=4)
graph.Attr (2708, 1433)
kmeans totally cost 0.25331783294677734
2021-06-03 14:42:25 INFO     # groups have perfect jaccard idx (1.0): 83
371310592
371503104
 coarse_graph.Attr.shape (1501, 1433)
kmeans totally cost 0.14879965782165527
2021-06-03 14:42:26 INFO     # groups have perfect jaccard idx (1.0): 31
371523584
371523584
 coarse_graph.Attr.shape (857, 1433)
2021-06-03 14:42:26 INFO     Level 0 --- # nodes: 2708
2021-06-03 14:42:26 INFO     Level 1 --- # nodes: 1501
2021-06-03 14:42:26 INFO     Level 2 --- # nodes: 857
/Share/home/E19201088/CANE/HAANE/coarsen.py:21: RuntimeWarning: divide by zero encountered in float_scalars
  norm_wgt[j] = adj_wgt[neigh] / np.sqrt(degree[i] * degree[neigh])
(857, 1433)
(857, 857)
#############: <class 'numpy.ndarray'>
Accelerated Attributed Network Embedding (AANE):
######self.H.shape: (857, 128)
$#$$$$self.block: 857
^^^^^^^^^^^^^^^^^^^^^^^^^^^^^^^^^^^^^^^^
time elapsed: 1.04s
394125312
394125312
Accelerated Attributed Network Embedding (AANE),
**********************
$#$$$$self.block: 1501
^^^^^^^^^^^^^^^^^^^^^^^^^^^^^^^^^^^^^^^^
394612736
394612736
time elapsed: 1.88s
394612736
394612736
Accelerated Attributed Network Embedding (AANE),
**********************
$#$$$$self.block: 2708
^^^^^^^^^^^^^^^^^^^^^^^^^^^^^^^^^^^^^^^^
395128832
394801152
time elapsed: 3.76s
time: 7.9584879875183105
394801152
363753472
train_rio 0.09999999999999998
Micro_f1: 0.8447908121410992
Macro_f1: 0.8314152687768657
train_rio 0.19999999999999996
Micro_f1: 0.8652514997692661
Macro_f1: 0.8552619342255054
train_rio 0.25
Micro_f1: 0.8690300344657805
Macro_f1: 0.8574971805802101
train_rio 0.30000000000000004
Micro_f1: 0.8734177215189873
Macro_f1: 0.8626076410368897
train_rio 0.4
Micro_f1: 0.8771692307692307
Macro_f1: 0.8656830398205049
train_rio 0.5
Micro_f1: 0.8743722304283604
Macro_f1: 0.8618200749305096
train_rio 0.6
Micro_f1: 0.8814575645756457
Macro_f1: 0.870268992468532
train_rio 0.7
Micro_f1: 0.883640836408364
Macro_f1: 0.873296161140747
train_rio 0.8
Micro_f1: 0.8813653136531364
Macro_f1: 0.872916074047404
train_rio 0.9
Micro_f1: 0.8793357933579337
Macro_f1: 0.8734257995759922
